<?xml version="1.0" encoding="UTF-8"?>
<testsuite xmlns:xsi="http://www.w3.org/2001/XMLSchema-instance" xsi:noNamespaceSchemaLocation="https://maven.apache.org/surefire/maven-surefire-plugin/xsd/surefire-test-report.xsd" name="com.ontariotechu.sofe3980U.AppTest" time="0.042" tests="4" errors="0" skipped="0" failures="0">
  <properties>
[...]
</properties>
  <testcase name="testCountCharOccurrences_PrimePathsCoverage" classname="com.ontariotechu.sofe3980U.AppTest" time="0.002"/>
  <testcase name="testCountCharOccurrences_SingleNodeCoverage" classname="com.ontariotechu.sofe3980U.AppTest" time="0"/>
  <testcase name="testCountCharOccurrences_SingleEdgePairCoverage" classname="com.ontariotechu.sofe3980U.AppTest" time="0"/>
  <testcase name="testCountCharOccurrences_SingleEdgeCoverage" classname="com.ontariotechu.sofe3980U.AppTest" time="0"/>
</testsuite>